Arguments: 
  C:\Program Files\nodejs\node.exe C:\Program Files (x86)\Yarn\bin\yarn.js add cors

PATH: 
  C:\Program Files (x86)\Intel\iCLS Client\;C:\Program Files\Intel\iCLS Client\;C:\WINDOWS\system32;C:\WINDOWS;C:\WINDOWS\System32\Wbem;C:\WINDOWS\System32\WindowsPowerShell\v1.0\;C:\Program Files (x86)\Intel\Intel(R) Management Engine Components\DAL;C:\Program Files\Intel\Intel(R) Management Engine Components\DAL;C:\Program Files (x86)\Intel\Intel(R) Management Engine Components\IPT;C:\Program Files\Intel\Intel(R) Management Engine Components\IPT;C:\WINDOWS\System32\OpenSSH\;C:\Program Files\nodejs\;C:\Program Files\Git\cmd;C:\Users\Brend\AppData\Roaming\Microsoft\Windows\Start Menu\Programs\Visual Studio Code\Code.exe;C:\Program Files (x86)\Yarn\bin\;C:\Users\Brend\AppData\Local\Programs\Python\Python37-32\Scripts\;C:\Users\Brend\AppData\Local\Programs\Python\Python37-32\;C:\Users\Brend\AppData\Local\Programs\Python\Python39\Scripts\;C:\Users\Brend\AppData\Local\Programs\Python\Python39\;C:\Users\Brend\mongodb\bin;C:\Users\Brend\AppData\Local\Yarn\bin

Yarn version: 
  1.22.5

Node version: 
  12.18.3

Platform: 
  win32 x64

Trace: 
  Error: connect ETIMEDOUT 104.16.26.35:443
      at TCPConnectWrap.afterConnect [as oncomplete] (net.js:1141:16)

npm manifest: 
  {
    "name": "backend",
    "version": "1.0.0",
    "description": "",
    "main": "src/index.js",
    "scripts": {
      "start": "nodemon"
    },
    "author": "brenda pereira",
    "license": "ISC",
    "dependencies": {
      "express": "^4.17.1",
      "uuidv4": "^6.2.4"
    },
    "devDependencies": {
      "nodemon": "^2.0.6"
    }
  }

yarn manifest: 
  No manifest

Lockfile: 
  No lockfile
